\BOOKMARK [1][-]{Doc-Start}{Preface}{}% 1
\BOOKMARK [1][-]{section*.1}{Acknowledgment}{}% 2
\BOOKMARK [1][-]{section*.2}{Summary and Conclusions}{}% 3
\BOOKMARK [0][-]{chapter.1}{Bot Metrics}{}% 4
\BOOKMARK [1][-]{section.1.1}{What are bots and how are they used?}{chapter.1}% 5
\BOOKMARK [1][-]{section.1.2}{What is social media statistics, and how is it utilized?}{chapter.1}% 6
\BOOKMARK [1][-]{section.1.3}{Do these metrics influence buyers?}{chapter.1}% 7
\BOOKMARK [1][-]{section.1.4}{How can the statistics become irrelevant?}{chapter.1}% 8
\BOOKMARK [0][-]{chapter.2}{Approaches for Detecting Robots \040in Social Media}{}% 9
\BOOKMARK [1][-]{section.2.1}{Introduction}{chapter.2}% 10
\BOOKMARK [1][-]{section.2.2}{Definition and History of Social Bots}{chapter.2}% 11
\BOOKMARK [1][-]{section.2.3}{Important Social Media Platforms}{chapter.2}% 12
\BOOKMARK [1][-]{section.2.4}{Why is Bot Detection in Social Media Important?}{chapter.2}% 13
\BOOKMARK [1][-]{section.2.5}{Social Bot Detection Approaches}{chapter.2}% 14
\BOOKMARK [2][-]{subsection.2.5.1}{Based on Social Network Information}{section.2.5}% 15
\BOOKMARK [2][-]{subsection.2.5.2}{Based on Crowd-Sourcing}{section.2.5}% 16
\BOOKMARK [2][-]{subsection.2.5.3}{Based on Features}{section.2.5}% 17
\BOOKMARK [1][-]{section.2.6}{Summary and Outlook}{chapter.2}% 18
\BOOKMARK [0][-]{chapter.3}{Social Media Attacks}{}% 19
\BOOKMARK [1][-]{section.3.1}{Hypothesis and methodology}{chapter.3}% 20
\BOOKMARK [1][-]{section.3.2}{Introduction}{chapter.3}% 21
\BOOKMARK [1][-]{section.3.3}{Attacks on social media users in general}{chapter.3}% 22
\BOOKMARK [1][-]{section.3.4}{Specific attack vectors for computers}{chapter.3}% 23
\BOOKMARK [2][-]{subsection.3.4.1}{Microsoft Windows}{section.3.4}% 24
\BOOKMARK [2][-]{subsection.3.4.2}{Apple OSX}{section.3.4}% 25
\BOOKMARK [2][-]{subsection.3.4.3}{Linux distros}{section.3.4}% 26
\BOOKMARK [1][-]{section.3.5}{Specific attack vectors for smartphones}{chapter.3}% 27
\BOOKMARK [2][-]{subsection.3.5.1}{iOS}{section.3.5}% 28
\BOOKMARK [1][-]{section.3.6}{Social media attacks directly on the given platform}{chapter.3}% 29
\BOOKMARK [2][-]{subsection.3.6.1}{User behavioural aspects}{section.3.6}% 30
\BOOKMARK [2][-]{subsection.3.6.2}{Hardware and software}{section.3.6}% 31
\BOOKMARK [2][-]{subsection.3.6.3}{Social media network trust}{section.3.6}% 32
\BOOKMARK [1][-]{section.3.7}{Conclusion}{chapter.3}% 33
\BOOKMARK [0][-]{chapter.4}{Web Application vulnerabilities in 2016}{}% 34
\BOOKMARK [1][-]{section.4.1}{Introduction}{chapter.4}% 35
\BOOKMARK [1][-]{section.4.2}{Trending vulnerabilities and consequences}{chapter.4}% 36
\BOOKMARK [2][-]{subsection.4.2.1}{Cross-Site Scripting \(XSS\)}{section.4.2}% 37
\BOOKMARK [2][-]{subsection.4.2.2}{SQL Injection}{section.4.2}% 38
\BOOKMARK [2][-]{subsection.4.2.3}{Vulnerable JavaScript Libraries}{section.4.2}% 39
\BOOKMARK [2][-]{subsection.4.2.4}{Exploit Kits}{section.4.2}% 40
\BOOKMARK [1][-]{section.4.3}{Countermeasures and mitigation}{chapter.4}% 41
\BOOKMARK [0][-]{section.4.3}{Bibliography}{}% 42
