This is pdfTeX, Version 3.14159265-2.6-1.40.17 (MiKTeX 2.9 64-bit) (preloaded format=pdflatex 2016.9.16)  25 NOV 2016 21:07
entering extended mode
**./thesis.tex
(thesis.tex
LaTeX2e <2016/03/31> patch level 3
Babel <3.9r> and hyphenation patterns for 75 language(s) loaded.
("C:\Program Files\MiKTeX 2.9\tex\latex\base\report.cls"
Document Class: report 2014/09/29 v1.4h Standard LaTeX document class
("C:\Program Files\MiKTeX 2.9\tex\latex\base\size12.clo"
File: size12.clo 2014/09/29 v1.4h Standard LaTeX file (size option)
)
\c@part=\count79
\c@chapter=\count80
\c@section=\count81
\c@subsection=\count82
\c@subsubsection=\count83
\c@paragraph=\count84
\c@subparagraph=\count85
\c@figure=\count86
\c@table=\count87
\abovecaptionskip=\skip41
\belowcaptionskip=\skip42
\bibindent=\dimen102
) (ramsstyle.sty
("C:\Program Files\MiKTeX 2.9\tex\latex\base\inputenc.sty"
Package: inputenc 2015/03/17 v1.2c Input encoding file
\inpenc@prehook=\toks14
\inpenc@posthook=\toks15

("C:\Program Files\MiKTeX 2.9\tex\latex\base\utf8.def"
File: utf8.def 2016/02/28 v1.1s UTF-8 support for inputenc
Now handling font encoding OML ...
... no UTF-8 mapping file for font encoding OML
Now handling font encoding T1 ...
... processing UTF-8 mapping file for font encoding T1

("C:\Program Files\MiKTeX 2.9\tex\latex\base\t1enc.dfu"
File: t1enc.dfu 2016/02/28 v1.1s UTF-8 support for inputenc
   defining Unicode char U+00A0 (decimal 160)
   defining Unicode char U+00A1 (decimal 161)
   defining Unicode char U+00A3 (decimal 163)
   defining Unicode char U+00AB (decimal 171)
   defining Unicode char U+00AD (decimal 173)
   defining Unicode char U+00BB (decimal 187)
   defining Unicode char U+00BF (decimal 191)
   defining Unicode char U+00C0 (decimal 192)
   defining Unicode char U+00C1 (decimal 193)
   defining Unicode char U+00C2 (decimal 194)
   defining Unicode char U+00C3 (decimal 195)
   defining Unicode char U+00C4 (decimal 196)
   defining Unicode char U+00C5 (decimal 197)
   defining Unicode char U+00C6 (decimal 198)
   defining Unicode char U+00C7 (decimal 199)
   defining Unicode char U+00C8 (decimal 200)
   defining Unicode char U+00C9 (decimal 201)
   defining Unicode char U+00CA (decimal 202)
   defining Unicode char U+00CB (decimal 203)
   defining Unicode char U+00CC (decimal 204)
   defining Unicode char U+00CD (decimal 205)
   defining Unicode char U+00CE (decimal 206)
   defining Unicode char U+00CF (decimal 207)
   defining Unicode char U+00D0 (decimal 208)
   defining Unicode char U+00D1 (decimal 209)
   defining Unicode char U+00D2 (decimal 210)
   defining Unicode char U+00D3 (decimal 211)
   defining Unicode char U+00D4 (decimal 212)
   defining Unicode char U+00D5 (decimal 213)
   defining Unicode char U+00D6 (decimal 214)
   defining Unicode char U+00D8 (decimal 216)
   defining Unicode char U+00D9 (decimal 217)
   defining Unicode char U+00DA (decimal 218)
   defining Unicode char U+00DB (decimal 219)
   defining Unicode char U+00DC (decimal 220)
   defining Unicode char U+00DD (decimal 221)
   defining Unicode char U+00DE (decimal 222)
   defining Unicode char U+00DF (decimal 223)
   defining Unicode char U+00E0 (decimal 224)
   defining Unicode char U+00E1 (decimal 225)
   defining Unicode char U+00E2 (decimal 226)
   defining Unicode char U+00E3 (decimal 227)
   defining Unicode char U+00E4 (decimal 228)
   defining Unicode char U+00E5 (decimal 229)
   defining Unicode char U+00E6 (decimal 230)
   defining Unicode char U+00E7 (decimal 231)
   defining Unicode char U+00E8 (decimal 232)
   defining Unicode char U+00E9 (decimal 233)
   defining Unicode char U+00EA (decimal 234)
   defining Unicode char U+00EB (decimal 235)
   defining Unicode char U+00EC (decimal 236)
   defining Unicode char U+00ED (decimal 237)
   defining Unicode char U+00EE (decimal 238)
   defining Unicode char U+00EF (decimal 239)
   defining Unicode char U+00F0 (decimal 240)
   defining Unicode char U+00F1 (decimal 241)
   defining Unicode char U+00F2 (decimal 242)
   defining Unicode char U+00F3 (decimal 243)
   defining Unicode char U+00F4 (decimal 244)
   defining Unicode char U+00F5 (decimal 245)
   defining Unicode char U+00F6 (decimal 246)
   defining Unicode char U+00F8 (decimal 248)
   defining Unicode char U+00F9 (decimal 249)
   defining Unicode char U+00FA (decimal 250)
   defining Unicode char U+00FB (decimal 251)
   defining Unicode char U+00FC (decimal 252)
   defining Unicode char U+00FD (decimal 253)
   defining Unicode char U+00FE (decimal 254)
   defining Unicode char U+00FF (decimal 255)
   defining Unicode char U+0100 (decimal 256)
   defining Unicode char U+0101 (decimal 257)
   defining Unicode char U+0102 (decimal 258)
   defining Unicode char U+0103 (decimal 259)
   defining Unicode char U+0104 (decimal 260)
   defining Unicode char U+0105 (decimal 261)
   defining Unicode char U+0106 (decimal 262)
   defining Unicode char U+0107 (decimal 263)
   defining Unicode char U+0108 (decimal 264)
   defining Unicode char U+0109 (decimal 265)
   defining Unicode char U+010A (decimal 266)
   defining Unicode char U+010B (decimal 267)
   defining Unicode char U+010C (decimal 268)
   defining Unicode char U+010D (decimal 269)
   defining Unicode char U+010E (decimal 270)
   defining Unicode char U+010F (decimal 271)
   defining Unicode char U+0110 (decimal 272)
   defining Unicode char U+0111 (decimal 273)
   defining Unicode char U+0112 (decimal 274)
   defining Unicode char U+0113 (decimal 275)
   defining Unicode char U+0114 (decimal 276)
   defining Unicode char U+0115 (decimal 277)
   defining Unicode char U+0116 (decimal 278)
   defining Unicode char U+0117 (decimal 279)
   defining Unicode char U+0118 (decimal 280)
   defining Unicode char U+0119 (decimal 281)
   defining Unicode char U+011A (decimal 282)
   defining Unicode char U+011B (decimal 283)
   defining Unicode char U+011C (decimal 284)
   defining Unicode char U+011D (decimal 285)
   defining Unicode char U+011E (decimal 286)
   defining Unicode char U+011F (decimal 287)
   defining Unicode char U+0120 (decimal 288)
   defining Unicode char U+0121 (decimal 289)
   defining Unicode char U+0122 (decimal 290)
   defining Unicode char U+0123 (decimal 291)
   defining Unicode char U+0124 (decimal 292)
   defining Unicode char U+0125 (decimal 293)
   defining Unicode char U+0128 (decimal 296)
   defining Unicode char U+0129 (decimal 297)
   defining Unicode char U+012A (decimal 298)
   defining Unicode char U+012B (decimal 299)
   defining Unicode char U+012C (decimal 300)
   defining Unicode char U+012D (decimal 301)
   defining Unicode char U+012E (decimal 302)
   defining Unicode char U+012F (decimal 303)
   defining Unicode char U+0130 (decimal 304)
   defining Unicode char U+0131 (decimal 305)
   defining Unicode char U+0132 (decimal 306)
   defining Unicode char U+0133 (decimal 307)
   defining Unicode char U+0134 (decimal 308)
   defining Unicode char U+0135 (decimal 309)
   defining Unicode char U+0136 (decimal 310)
   defining Unicode char U+0137 (decimal 311)
   defining Unicode char U+0139 (decimal 313)
   defining Unicode char U+013A (decimal 314)
   defining Unicode char U+013B (decimal 315)
   defining Unicode char U+013C (decimal 316)
   defining Unicode char U+013D (decimal 317)
   defining Unicode char U+013E (decimal 318)
   defining Unicode char U+0141 (decimal 321)
   defining Unicode char U+0142 (decimal 322)
   defining Unicode char U+0143 (decimal 323)
   defining Unicode char U+0144 (decimal 324)
   defining Unicode char U+0145 (decimal 325)
   defining Unicode char U+0146 (decimal 326)
   defining Unicode char U+0147 (decimal 327)
   defining Unicode char U+0148 (decimal 328)
   defining Unicode char U+014A (decimal 330)
   defining Unicode char U+014B (decimal 331)
   defining Unicode char U+014C (decimal 332)
   defining Unicode char U+014D (decimal 333)
   defining Unicode char U+014E (decimal 334)
   defining Unicode char U+014F (decimal 335)
   defining Unicode char U+0150 (decimal 336)
   defining Unicode char U+0151 (decimal 337)
   defining Unicode char U+0152 (decimal 338)
   defining Unicode char U+0153 (decimal 339)
   defining Unicode char U+0154 (decimal 340)
   defining Unicode char U+0155 (decimal 341)
   defining Unicode char U+0156 (decimal 342)
   defining Unicode char U+0157 (decimal 343)
   defining Unicode char U+0158 (decimal 344)
   defining Unicode char U+0159 (decimal 345)
   defining Unicode char U+015A (decimal 346)
   defining Unicode char U+015B (decimal 347)
   defining Unicode char U+015C (decimal 348)
   defining Unicode char U+015D (decimal 349)
   defining Unicode char U+015E (decimal 350)
   defining Unicode char U+015F (decimal 351)
   defining Unicode char U+0160 (decimal 352)
   defining Unicode char U+0161 (decimal 353)
   defining Unicode char U+0162 (decimal 354)
   defining Unicode char U+0163 (decimal 355)
   defining Unicode char U+0164 (decimal 356)
   defining Unicode char U+0165 (decimal 357)
   defining Unicode char U+0168 (decimal 360)
   defining Unicode char U+0169 (decimal 361)
   defining Unicode char U+016A (decimal 362)
   defining Unicode char U+016B (decimal 363)
   defining Unicode char U+016C (decimal 364)
   defining Unicode char U+016D (decimal 365)
   defining Unicode char U+016E (decimal 366)
   defining Unicode char U+016F (decimal 367)
   defining Unicode char U+0170 (decimal 368)
   defining Unicode char U+0171 (decimal 369)
   defining Unicode char U+0172 (decimal 370)
   defining Unicode char U+0173 (decimal 371)
   defining Unicode char U+0174 (decimal 372)
   defining Unicode char U+0175 (decimal 373)
   defining Unicode char U+0176 (decimal 374)
   defining Unicode char U+0177 (decimal 375)
   defining Unicode char U+0178 (decimal 376)
   defining Unicode char U+0179 (decimal 377)
   defining Unicode char U+017A (decimal 378)
   defining Unicode char U+017B (decimal 379)
   defining Unicode char U+017C (decimal 380)
   defining Unicode char U+017D (decimal 381)
   defining Unicode char U+017E (decimal 382)
   defining Unicode char U+01CD (decimal 461)
   defining Unicode char U+01CE (decimal 462)
   defining Unicode char U+01CF (decimal 463)
   defining Unicode char U+01D0 (decimal 464)
   defining Unicode char U+01D1 (decimal 465)
   defining Unicode char U+01D2 (decimal 466)
   defining Unicode char U+01D3 (decimal 467)
   defining Unicode char U+01D4 (decimal 468)
   defining Unicode char U+01E2 (decimal 482)
   defining Unicode char U+01E3 (decimal 483)
   defining Unicode char U+01E6 (decimal 486)
   defining Unicode char U+01E7 (decimal 487)
   defining Unicode char U+01E8 (decimal 488)
   defining Unicode char U+01E9 (decimal 489)
   defining Unicode char U+01EA (decimal 490)
   defining Unicode char U+01EB (decimal 491)
   defining Unicode char U+01F0 (decimal 496)
   defining Unicode char U+01F4 (decimal 500)
   defining Unicode char U+01F5 (decimal 501)
   defining Unicode char U+0218 (decimal 536)
   defining Unicode char U+0219 (decimal 537)
   defining Unicode char U+021A (decimal 538)
   defining Unicode char U+021B (decimal 539)
   defining Unicode char U+1E02 (decimal 7682)
   defining Unicode char U+1E03 (decimal 7683)
   defining Unicode char U+200C (decimal 8204)
   defining Unicode char U+2010 (decimal 8208)
   defining Unicode char U+2011 (decimal 8209)
   defining Unicode char U+2012 (decimal 8210)
   defining Unicode char U+2013 (decimal 8211)
   defining Unicode char U+2014 (decimal 8212)
   defining Unicode char U+2015 (decimal 8213)
   defining Unicode char U+2018 (decimal 8216)
   defining Unicode char U+2019 (decimal 8217)
   defining Unicode char U+201A (decimal 8218)
   defining Unicode char U+201C (decimal 8220)
   defining Unicode char U+201D (decimal 8221)
   defining Unicode char U+201E (decimal 8222)
   defining Unicode char U+2030 (decimal 8240)
   defining Unicode char U+2031 (decimal 8241)
   defining Unicode char U+2039 (decimal 8249)
   defining Unicode char U+203A (decimal 8250)
   defining Unicode char U+2423 (decimal 9251)
)
Now handling font encoding OT1 ...
... processing UTF-8 mapping file for font encoding OT1

("C:\Program Files\MiKTeX 2.9\tex\latex\base\ot1enc.dfu"
File: ot1enc.dfu 2016/02/28 v1.1s UTF-8 support for inputenc
   defining Unicode char U+00A0 (decimal 160)
   defining Unicode char U+00A1 (decimal 161)
   defining Unicode char U+00A3 (decimal 163)
   defining Unicode char U+00AD (decimal 173)
   defining Unicode char U+00B8 (decimal 184)
   defining Unicode char U+00BF (decimal 191)
   defining Unicode char U+00C5 (decimal 197)
   defining Unicode char U+00C6 (decimal 198)
   defining Unicode char U+00D8 (decimal 216)
   defining Unicode char U+00DF (decimal 223)
   defining Unicode char U+00E6 (decimal 230)
   defining Unicode char U+00EC (decimal 236)
   defining Unicode char U+00ED (decimal 237)
   defining Unicode char U+00EE (decimal 238)
   defining Unicode char U+00EF (decimal 239)
   defining Unicode char U+00F8 (decimal 248)
   defining Unicode char U+0131 (decimal 305)
   defining Unicode char U+0141 (decimal 321)
   defining Unicode char U+0142 (decimal 322)
   defining Unicode char U+0152 (decimal 338)
   defining Unicode char U+0153 (decimal 339)
   defining Unicode char U+0174 (decimal 372)
   defining Unicode char U+0175 (decimal 373)
   defining Unicode char U+0176 (decimal 374)
   defining Unicode char U+0177 (decimal 375)
   defining Unicode char U+0218 (decimal 536)
   defining Unicode char U+0219 (decimal 537)
   defining Unicode char U+021A (decimal 538)
   defining Unicode char U+021B (decimal 539)
   defining Unicode char U+2013 (decimal 8211)
   defining Unicode char U+2014 (decimal 8212)
   defining Unicode char U+2018 (decimal 8216)
   defining Unicode char U+2019 (decimal 8217)
   defining Unicode char U+201C (decimal 8220)
   defining Unicode char U+201D (decimal 8221)
)
Now handling font encoding OMS ...
... processing UTF-8 mapping file for font encoding OMS

("C:\Program Files\MiKTeX 2.9\tex\latex\base\omsenc.dfu"
File: omsenc.dfu 2016/02/28 v1.1s UTF-8 support for inputenc
   defining Unicode char U+00A7 (decimal 167)
   defining Unicode char U+00B6 (decimal 182)
   defining Unicode char U+00B7 (decimal 183)
   defining Unicode char U+2020 (decimal 8224)
   defining Unicode char U+2021 (decimal 8225)
   defining Unicode char U+2022 (decimal 8226)
)
Now handling font encoding OMX ...
... no UTF-8 mapping file for font encoding OMX
Now handling font encoding U ...
... no UTF-8 mapping file for font encoding U
   defining Unicode char U+00A9 (decimal 169)
   defining Unicode char U+00AA (decimal 170)
   defining Unicode char U+00AE (decimal 174)
   defining Unicode char U+00BA (decimal 186)
   defining Unicode char U+02C6 (decimal 710)
   defining Unicode char U+02DC (decimal 732)
   defining Unicode char U+200C (decimal 8204)
   defining Unicode char U+2026 (decimal 8230)
   defining Unicode char U+2122 (decimal 8482)
   defining Unicode char U+2423 (decimal 9251)
))
("C:\Program Files\MiKTeX 2.9\tex\latex\fourier\fourier.sty"
Package: fourier 2005/01/01 1.4 fourier-GUTenberg package
Now handling font encoding FML ...
... no UTF-8 mapping file for font encoding FML
Now handling font encoding FMS ...
... no UTF-8 mapping file for font encoding FMS
Now handling font encoding FMX ...
... no UTF-8 mapping file for font encoding FMX

("C:\Program Files\MiKTeX 2.9\tex\latex\base\fontenc.sty"
Package: fontenc 2016/06/19 v1.99m Standard LaTeX package

("C:\Program Files\MiKTeX 2.9\tex\latex\base\t1enc.def"
File: t1enc.def 2016/06/19 v1.99m Standard LaTeX file
LaTeX Font Info:    Redeclaring font encoding T1 on input line 48.
))
("C:\Program Files\MiKTeX 2.9\tex\latex\base\textcomp.sty"
Package: textcomp 2016/06/19 v1.99m Standard LaTeX package
Package textcomp Info: Sub-encoding information:
(textcomp)               5 = only ISO-Adobe without \textcurrency
(textcomp)               4 = 5 + \texteuro
(textcomp)               3 = 4 + \textohm
(textcomp)               2 = 3 + \textestimated + \textcurrency
(textcomp)               1 = TS1 - \textcircled - \t
(textcomp)               0 = TS1 (full)
(textcomp)             Font families with sub-encoding setting implement
(textcomp)             only a restricted character set as indicated.
(textcomp)             Family '?' is the default used for unknown fonts.
(textcomp)             See the documentation for details.
Package textcomp Info: Setting ? sub-encoding to TS1/1 on input line 79.

("C:\Program Files\MiKTeX 2.9\tex\latex\base\ts1enc.def"
File: ts1enc.def 2001/06/05 v3.0e (jk/car/fm) Standard LaTeX file
Now handling font encoding TS1 ...
... processing UTF-8 mapping file for font encoding TS1

("C:\Program Files\MiKTeX 2.9\tex\latex\base\ts1enc.dfu"
File: ts1enc.dfu 2016/02/28 v1.1s UTF-8 support for inputenc
   defining Unicode char U+00A2 (decimal 162)
   defining Unicode char U+00A3 (decimal 163)
   defining Unicode char U+00A4 (decimal 164)
   defining Unicode char U+00A5 (decimal 165)
   defining Unicode char U+00A6 (decimal 166)
   defining Unicode char U+00A7 (decimal 167)
   defining Unicode char U+00A8 (decimal 168)
   defining Unicode char U+00A9 (decimal 169)
   defining Unicode char U+00AA (decimal 170)
   defining Unicode char U+00AC (decimal 172)
   defining Unicode char U+00AE (decimal 174)
   defining Unicode char U+00AF (decimal 175)
   defining Unicode char U+00B0 (decimal 176)
   defining Unicode char U+00B1 (decimal 177)
   defining Unicode char U+00B2 (decimal 178)
   defining Unicode char U+00B3 (decimal 179)
   defining Unicode char U+00B4 (decimal 180)
   defining Unicode char U+00B5 (decimal 181)
   defining Unicode char U+00B6 (decimal 182)
   defining Unicode char U+00B7 (decimal 183)
   defining Unicode char U+00B9 (decimal 185)
   defining Unicode char U+00BA (decimal 186)
   defining Unicode char U+00BC (decimal 188)
   defining Unicode char U+00BD (decimal 189)
   defining Unicode char U+00BE (decimal 190)
   defining Unicode char U+00D7 (decimal 215)
   defining Unicode char U+00F7 (decimal 247)
   defining Unicode char U+0192 (decimal 402)
   defining Unicode char U+02C7 (decimal 711)
   defining Unicode char U+02D8 (decimal 728)
   defining Unicode char U+02DD (decimal 733)
   defining Unicode char U+0E3F (decimal 3647)
   defining Unicode char U+2016 (decimal 8214)
   defining Unicode char U+2020 (decimal 8224)
   defining Unicode char U+2021 (decimal 8225)
   defining Unicode char U+2022 (decimal 8226)
   defining Unicode char U+2030 (decimal 8240)
   defining Unicode char U+2031 (decimal 8241)
   defining Unicode char U+203B (decimal 8251)
   defining Unicode char U+203D (decimal 8253)
   defining Unicode char U+2044 (decimal 8260)
   defining Unicode char U+204E (decimal 8270)
   defining Unicode char U+2052 (decimal 8274)
   defining Unicode char U+20A1 (decimal 8353)
   defining Unicode char U+20A4 (decimal 8356)
   defining Unicode char U+20A6 (decimal 8358)
   defining Unicode char U+20A9 (decimal 8361)
   defining Unicode char U+20AB (decimal 8363)
   defining Unicode char U+20AC (decimal 8364)
   defining Unicode char U+20B1 (decimal 8369)
   defining Unicode char U+2103 (decimal 8451)
   defining Unicode char U+2116 (decimal 8470)
   defining Unicode char U+2117 (decimal 8471)
   defining Unicode char U+211E (decimal 8478)
   defining Unicode char U+2120 (decimal 8480)
   defining Unicode char U+2122 (decimal 8482)
   defining Unicode char U+2126 (decimal 8486)
   defining Unicode char U+2127 (decimal 8487)
   defining Unicode char U+212E (decimal 8494)
   defining Unicode char U+2190 (decimal 8592)
   defining Unicode char U+2191 (decimal 8593)
   defining Unicode char U+2192 (decimal 8594)
   defining Unicode char U+2193 (decimal 8595)
   defining Unicode char U+2329 (decimal 9001)
   defining Unicode char U+232A (decimal 9002)
   defining Unicode char U+2422 (decimal 9250)
   defining Unicode char U+25E6 (decimal 9702)
   defining Unicode char U+25EF (decimal 9711)
   defining Unicode char U+266A (decimal 9834)
))
LaTeX Info: Redefining \oldstylenums on input line 334.
Package textcomp Info: Setting cmr sub-encoding to TS1/0 on input line 349.
Package textcomp Info: Setting cmss sub-encoding to TS1/0 on input line 350.
Package textcomp Info: Setting cmtt sub-encoding to TS1/0 on input line 351.
Package textcomp Info: Setting cmvtt sub-encoding to TS1/0 on input line 352.
Package textcomp Info: Setting cmbr sub-encoding to TS1/0 on input line 353.
Package textcomp Info: Setting cmtl sub-encoding to TS1/0 on input line 354.
Package textcomp Info: Setting ccr sub-encoding to TS1/0 on input line 355.
Package textcomp Info: Setting ptm sub-encoding to TS1/4 on input line 356.
Package textcomp Info: Setting pcr sub-encoding to TS1/4 on input line 357.
Package textcomp Info: Setting phv sub-encoding to TS1/4 on input line 358.
Package textcomp Info: Setting ppl sub-encoding to TS1/3 on input line 359.
Package textcomp Info: Setting pag sub-encoding to TS1/4 on input line 360.
Package textcomp Info: Setting pbk sub-encoding to TS1/4 on input line 361.
Package textcomp Info: Setting pnc sub-encoding to TS1/4 on input line 362.
Package textcomp Info: Setting pzc sub-encoding to TS1/4 on input line 363.
Package textcomp Info: Setting bch sub-encoding to TS1/4 on input line 364.
Package textcomp Info: Setting put sub-encoding to TS1/5 on input line 365.
Package textcomp Info: Setting uag sub-encoding to TS1/5 on input line 366.
Package textcomp Info: Setting ugq sub-encoding to TS1/5 on input line 367.
Package textcomp Info: Setting ul8 sub-encoding to TS1/4 on input line 368.
Package textcomp Info: Setting ul9 sub-encoding to TS1/4 on input line 369.
Package textcomp Info: Setting augie sub-encoding to TS1/5 on input line 370.
Package textcomp Info: Setting dayrom sub-encoding to TS1/3 on input line 371.
Package textcomp Info: Setting dayroms sub-encoding to TS1/3 on input line 372.

Package textcomp Info: Setting pxr sub-encoding to TS1/0 on input line 373.
Package textcomp Info: Setting pxss sub-encoding to TS1/0 on input line 374.
Package textcomp Info: Setting pxtt sub-encoding to TS1/0 on input line 375.
Package textcomp Info: Setting txr sub-encoding to TS1/0 on input line 376.
Package textcomp Info: Setting txss sub-encoding to TS1/0 on input line 377.
Package textcomp Info: Setting txtt sub-encoding to TS1/0 on input line 378.
Package textcomp Info: Setting lmr sub-encoding to TS1/0 on input line 379.
Package textcomp Info: Setting lmdh sub-encoding to TS1/0 on input line 380.
Package textcomp Info: Setting lmss sub-encoding to TS1/0 on input line 381.
Package textcomp Info: Setting lmssq sub-encoding to TS1/0 on input line 382.
Package textcomp Info: Setting lmvtt sub-encoding to TS1/0 on input line 383.
Package textcomp Info: Setting lmtt sub-encoding to TS1/0 on input line 384.
Package textcomp Info: Setting qhv sub-encoding to TS1/0 on input line 385.
Package textcomp Info: Setting qag sub-encoding to TS1/0 on input line 386.
Package textcomp Info: Setting qbk sub-encoding to TS1/0 on input line 387.
Package textcomp Info: Setting qcr sub-encoding to TS1/0 on input line 388.
Package textcomp Info: Setting qcs sub-encoding to TS1/0 on input line 389.
Package textcomp Info: Setting qpl sub-encoding to TS1/0 on input line 390.
Package textcomp Info: Setting qtm sub-encoding to TS1/0 on input line 391.
Package textcomp Info: Setting qzc sub-encoding to TS1/0 on input line 392.
Package textcomp Info: Setting qhvc sub-encoding to TS1/0 on input line 393.
Package textcomp Info: Setting futs sub-encoding to TS1/4 on input line 394.
Package textcomp Info: Setting futx sub-encoding to TS1/4 on input line 395.
Package textcomp Info: Setting futj sub-encoding to TS1/4 on input line 396.
Package textcomp Info: Setting hlh sub-encoding to TS1/3 on input line 397.
Package textcomp Info: Setting hls sub-encoding to TS1/3 on input line 398.
Package textcomp Info: Setting hlst sub-encoding to TS1/3 on input line 399.
Package textcomp Info: Setting hlct sub-encoding to TS1/5 on input line 400.
Package textcomp Info: Setting hlx sub-encoding to TS1/5 on input line 401.
Package textcomp Info: Setting hlce sub-encoding to TS1/5 on input line 402.
Package textcomp Info: Setting hlcn sub-encoding to TS1/5 on input line 403.
Package textcomp Info: Setting hlcw sub-encoding to TS1/5 on input line 404.
Package textcomp Info: Setting hlcf sub-encoding to TS1/5 on input line 405.
Package textcomp Info: Setting pplx sub-encoding to TS1/3 on input line 406.
Package textcomp Info: Setting pplj sub-encoding to TS1/3 on input line 407.
Package textcomp Info: Setting ptmx sub-encoding to TS1/4 on input line 408.
Package textcomp Info: Setting ptmj sub-encoding to TS1/4 on input line 409.
)
("C:\Program Files\MiKTeX 2.9\tex\latex\fourier\fourier-orns.sty"
Package: fourier-orns 2004/01/30 1.1 fourier-ornaments package
)
LaTeX Font Info:    Redeclaring symbol font `operators' on input line 50.
LaTeX Font Info:    Encoding `OT1' has changed to `T1' for symbol font
(Font)              `operators' in the math version `normal' on input line 50.
LaTeX Font Info:    Overwriting symbol font `operators' in version `normal'
(Font)                  OT1/cmr/m/n --> T1/futs/m/n on input line 50.
LaTeX Font Info:    Encoding `OT1' has changed to `T1' for symbol font
(Font)              `operators' in the math version `bold' on input line 50.
LaTeX Font Info:    Overwriting symbol font `operators' in version `bold'
(Font)                  OT1/cmr/bx/n --> T1/futs/m/n on input line 50.
LaTeX Font Info:    Overwriting symbol font `operators' in version `bold'
(Font)                  T1/futs/m/n --> T1/futs/b/n on input line 51.
LaTeX Font Info:    Redeclaring symbol font `letters' on input line 59.
LaTeX Font Info:    Encoding `OML' has changed to `FML' for symbol font
(Font)              `letters' in the math version `normal' on input line 59.
LaTeX Font Info:    Overwriting symbol font `letters' in version `normal'
(Font)                  OML/cmm/m/it --> FML/futmi/m/it on input line 59.
LaTeX Font Info:    Encoding `OML' has changed to `FML' for symbol font
(Font)              `letters' in the math version `bold' on input line 59.
LaTeX Font Info:    Overwriting symbol font `letters' in version `bold'
(Font)                  OML/cmm/b/it --> FML/futmi/m/it on input line 59.
\symotherletters=\mathgroup4
LaTeX Font Info:    Overwriting symbol font `letters' in version `bold'
(Font)                  FML/futmi/m/it --> FML/futmi/b/it on input line 61.
LaTeX Font Info:    Overwriting symbol font `otherletters' in version `bold'
(Font)                  FML/futm/m/it --> FML/futm/b/it on input line 62.
LaTeX Font Info:    Redeclaring math symbol \Gamma on input line 63.
LaTeX Font Info:    Redeclaring math symbol \Delta on input line 64.
LaTeX Font Info:    Redeclaring math symbol \Theta on input line 65.
LaTeX Font Info:    Redeclaring math symbol \Lambda on input line 66.
LaTeX Font Info:    Redeclaring math symbol \Xi on input line 67.
LaTeX Font Info:    Redeclaring math symbol \Pi on input line 68.
LaTeX Font Info:    Redeclaring math symbol \Sigma on input line 69.
LaTeX Font Info:    Redeclaring math symbol \Upsilon on input line 70.
LaTeX Font Info:    Redeclaring math symbol \Phi on input line 71.
LaTeX Font Info:    Redeclaring math symbol \Psi on input line 72.
LaTeX Font Info:    Redeclaring math symbol \Omega on input line 73.
LaTeX Font Info:    Redeclaring symbol font `symbols' on input line 113.
LaTeX Font Info:    Encoding `OMS' has changed to `FMS' for symbol font
(Font)              `symbols' in the math version `normal' on input line 113.
LaTeX Font Info:    Overwriting symbol font `symbols' in version `normal'
(Font)                  OMS/cmsy/m/n --> FMS/futm/m/n on input line 113.
LaTeX Font Info:    Encoding `OMS' has changed to `FMS' for symbol font
(Font)              `symbols' in the math version `bold' on input line 113.
LaTeX Font Info:    Overwriting symbol font `symbols' in version `bold'
(Font)                  OMS/cmsy/b/n --> FMS/futm/m/n on input line 113.
LaTeX Font Info:    Redeclaring symbol font `largesymbols' on input line 114.
LaTeX Font Info:    Encoding `OMX' has changed to `FMX' for symbol font
(Font)              `largesymbols' in the math version `normal' on input line 1
14.
LaTeX Font Info:    Overwriting symbol font `largesymbols' in version `normal'
(Font)                  OMX/cmex/m/n --> FMX/futm/m/n on input line 114.
LaTeX Font Info:    Encoding `OMX' has changed to `FMX' for symbol font
(Font)              `largesymbols' in the math version `bold' on input line 114
.
LaTeX Font Info:    Overwriting symbol font `largesymbols' in version `bold'
(Font)                  OMX/cmex/m/n --> FMX/futm/m/n on input line 114.
LaTeX Font Info:    Redeclaring math alphabet \mathbf on input line 115.
LaTeX Font Info:    Overwriting math alphabet `\mathbf' in version `normal'
(Font)                  OT1/cmr/bx/n --> T1/futs/bx/n on input line 115.
LaTeX Font Info:    Overwriting math alphabet `\mathbf' in version `bold'
(Font)                  OT1/cmr/bx/n --> T1/futs/bx/n on input line 115.
LaTeX Font Info:    Redeclaring math alphabet \mathrm on input line 116.
LaTeX Font Info:    Redeclaring math alphabet \mathit on input line 117.
LaTeX Font Info:    Overwriting math alphabet `\mathit' in version `normal'
(Font)                  OT1/cmr/m/it --> T1/futs/m/it on input line 117.
LaTeX Font Info:    Overwriting math alphabet `\mathit' in version `bold'
(Font)                  OT1/cmr/bx/it --> T1/futs/m/it on input line 117.
LaTeX Font Info:    Redeclaring math alphabet \mathcal on input line 118.
LaTeX Font Info:    Redeclaring math symbol \parallel on input line 134.
LaTeX Font Info:    Redeclaring math symbol \hbar on input line 148.
LaTeX Font Info:    Redeclaring math symbol \varkappa on input line 186.
LaTeX Font Info:    Redeclaring math symbol \varvarrho on input line 187.
LaTeX Font Info:    Redeclaring math delimiter \Vert on input line 210.
LaTeX Font Info:    Redeclaring math delimiter \vert on input line 215.
LaTeX Font Info:    Redeclaring math delimiter \Downarrow on input line 225.
LaTeX Font Info:    Redeclaring math delimiter \backslash on input line 227.
LaTeX Font Info:    Redeclaring math delimiter \rangle on input line 229.
LaTeX Font Info:    Redeclaring math delimiter \langle on input line 231.
LaTeX Font Info:    Redeclaring math delimiter \rbrace on input line 233.
LaTeX Font Info:    Redeclaring math delimiter \lbrace on input line 235.
LaTeX Font Info:    Redeclaring math delimiter \rceil on input line 237.
LaTeX Font Info:    Redeclaring math delimiter \lceil on input line 239.
LaTeX Font Info:    Redeclaring math delimiter \rfloor on input line 241.
LaTeX Font Info:    Redeclaring math delimiter \lfloor on input line 243.
LaTeX Font Info:    Redeclaring math accent \acute on input line 247.
LaTeX Font Info:    Redeclaring math accent \grave on input line 248.
LaTeX Font Info:    Redeclaring math accent \ddot on input line 249.
LaTeX Font Info:    Redeclaring math accent \tilde on input line 250.
LaTeX Font Info:    Redeclaring math accent \bar on input line 251.
LaTeX Font Info:    Redeclaring math accent \breve on input line 252.
LaTeX Font Info:    Redeclaring math accent \check on input line 253.
LaTeX Font Info:    Redeclaring math accent \hat on input line 254.
LaTeX Font Info:    Redeclaring math accent \dot on input line 255.
LaTeX Font Info:    Redeclaring math accent \mathring on input line 256.
\symUfutm=\mathgroup5
)
("C:\Program Files\MiKTeX 2.9\tex\latex\marvosym\marvosym.sty"
Package: marvosym 2011/07/20 v2.2 Martin Vogel's Symbols font definitions
)
("C:\Program Files\MiKTeX 2.9\tex\latex\graphics\graphicx.sty"
Package: graphicx 2014/10/28 v1.0g Enhanced LaTeX Graphics (DPC,SPQR)

("C:\Program Files\MiKTeX 2.9\tex\latex\graphics\keyval.sty"
Package: keyval 2014/10/28 v1.15 key=value parser (DPC)
\KV@toks@=\toks16
)
("C:\Program Files\MiKTeX 2.9\tex\latex\graphics\graphics.sty"
Package: graphics 2016/07/10 v1.0t Standard LaTeX Graphics (DPC,SPQR)

("C:\Program Files\MiKTeX 2.9\tex\latex\graphics\trig.sty"
Package: trig 2016/01/03 v1.10 sin cos tan (DPC)
)
("C:\Program Files\MiKTeX 2.9\tex\latex\00miktex\graphics.cfg"
File: graphics.cfg 2016/06/04 v1.11 sample graphics configuration
)
Package graphics Info: Driver file: pdftex.def on input line 99.

("C:\Program Files\MiKTeX 2.9\tex\latex\graphics-def\pdftex.def"
File: pdftex.def 2016/07/10 v0.06j Graphics/color for pdfTeX

("C:\Program Files\MiKTeX 2.9\tex\generic\oberdiek\infwarerr.sty"
Package: infwarerr 2016/05/16 v1.4 Providing info/warning/error messages (HO)
)
("C:\Program Files\MiKTeX 2.9\tex\generic\oberdiek\ltxcmds.sty"
Package: ltxcmds 2016/05/16 v1.23 LaTeX kernel commands for general use (HO)
)
\Gread@gobject=\count88
))
\Gin@req@height=\dimen103
\Gin@req@width=\dimen104
)
("C:\Program Files\MiKTeX 2.9\tex\latex\geometry\geometry.sty"
Package: geometry 2010/09/12 v5.6 Page Geometry

("C:\Program Files\MiKTeX 2.9\tex\generic\oberdiek\ifpdf.sty"
Package: ifpdf 2016/05/14 v3.1 Provides the ifpdf switch
)
("C:\Program Files\MiKTeX 2.9\tex\generic\oberdiek\ifvtex.sty"
Package: ifvtex 2016/05/16 v1.6 Detect VTeX and its facilities (HO)
Package ifvtex Info: VTeX not detected.
)
("C:\Program Files\MiKTeX 2.9\tex\generic\ifxetex\ifxetex.sty"
Package: ifxetex 2010/09/12 v0.6 Provides ifxetex conditional
)
\Gm@cnth=\count89
\Gm@cntv=\count90
\c@Gm@tempcnt=\count91
\Gm@bindingoffset=\dimen105
\Gm@wd@mp=\dimen106
\Gm@odd@mp=\dimen107
\Gm@even@mp=\dimen108
\Gm@layoutwidth=\dimen109
\Gm@layoutheight=\dimen110
\Gm@layouthoffset=\dimen111
\Gm@layoutvoffset=\dimen112
\Gm@dimlist=\toks17

("C:\Program Files\MiKTeX 2.9\tex\latex\geometry\geometry.cfg"))
("C:\Program Files\MiKTeX 2.9\tex\latex\graphics\rotating.sty"
Package: rotating 2016/05/22 v2.16c rotated objects in LaTeX

("C:\Program Files\MiKTeX 2.9\tex\latex\base\ifthen.sty"
Package: ifthen 2014/09/29 v1.1c Standard LaTeX ifthen package (DPC)
)
\c@r@tfl@t=\count92
\rotFPtop=\skip43
\rotFPbot=\skip44
\rot@float@box=\box26
\rot@mess@toks=\toks18
)
("C:\Program Files\MiKTeX 2.9\tex\latex\amsmath\amsmath.sty"
Package: amsmath 2016/06/28 v2.15d AMS math features
\@mathmargin=\skip45

For additional information on amsmath, use the `?' option.
("C:\Program Files\MiKTeX 2.9\tex\latex\amsmath\amstext.sty"
Package: amstext 2000/06/29 v2.01 AMS text

("C:\Program Files\MiKTeX 2.9\tex\latex\amsmath\amsgen.sty"
File: amsgen.sty 1999/11/30 v2.0 generic functions
\@emptytoks=\toks19
\ex@=\dimen113
))
("C:\Program Files\MiKTeX 2.9\tex\latex\amsmath\amsbsy.sty"
Package: amsbsy 1999/11/29 v1.2d Bold Symbols
\pmbraise@=\dimen114
)
("C:\Program Files\MiKTeX 2.9\tex\latex\amsmath\amsopn.sty"
Package: amsopn 2016/03/08 v2.02 operator names
)
\inf@bad=\count93
LaTeX Info: Redefining \frac on input line 199.
\uproot@=\count94
\leftroot@=\count95
LaTeX Info: Redefining \overline on input line 297.
\classnum@=\count96
\DOTSCASE@=\count97
LaTeX Info: Redefining \ldots on input line 394.
LaTeX Info: Redefining \dots on input line 397.
LaTeX Info: Redefining \cdots on input line 518.
\Mathstrutbox@=\box27
\strutbox@=\box28
\big@size=\dimen115
LaTeX Font Info:    Redeclaring font encoding OML on input line 634.
LaTeX Font Info:    Redeclaring font encoding OMS on input line 635.
\macc@depth=\count98
\c@MaxMatrixCols=\count99
\dotsspace@=\muskip10
\c@parentequation=\count100
\dspbrk@lvl=\count101
\tag@help=\toks20
\row@=\count102
\column@=\count103
\maxfields@=\count104
\andhelp@=\toks21
\eqnshift@=\dimen116
\alignsep@=\dimen117
\tagshift@=\dimen118
\tagwidth@=\dimen119
\totwidth@=\dimen120
\lineht@=\dimen121
\@envbody=\toks22
\multlinegap=\skip46
\multlinetaggap=\skip47
\mathdisplay@stack=\toks23
LaTeX Info: Redefining \[ on input line 2739.
LaTeX Info: Redefining \] on input line 2740.
)
("C:\Program Files\MiKTeX 2.9\tex\latex\booktabs\booktabs.sty"
Package: booktabs 2005/04/14 v1.61803 publication quality tables
\heavyrulewidth=\dimen122
\lightrulewidth=\dimen123
\cmidrulewidth=\dimen124
\belowrulesep=\dimen125
\belowbottomsep=\dimen126
\aboverulesep=\dimen127
\abovetopsep=\dimen128
\cmidrulesep=\dimen129
\cmidrulekern=\dimen130
\defaultaddspace=\dimen131
\@cmidla=\count105
\@cmidlb=\count106
\@aboverulesep=\dimen132
\@belowrulesep=\dimen133
\@thisruleclass=\count107
\@lastruleclass=\count108
\@thisrulewidth=\dimen134
)
("C:\Program Files\MiKTeX 2.9\tex\latex\url\url.sty"
\Urlmuskip=\muskip11
Package: url 2013/09/16  ver 3.4  Verb mode for urls, etc.
)
("C:\Program Files\MiKTeX 2.9\tex\latex\setspace\setspace.sty"
Package: setspace 2011/12/19 v6.7a set line spacing
)
("C:\Program Files\MiKTeX 2.9\tex\latex\hyperref\hyperref.sty"
Package: hyperref 2016/06/24 v6.83q Hypertext links for LaTeX

("C:\Program Files\MiKTeX 2.9\tex\generic\oberdiek\hobsub-hyperref.sty"
Package: hobsub-hyperref 2016/05/16 v1.14 Bundle oberdiek, subset hyperref (HO)


("C:\Program Files\MiKTeX 2.9\tex\generic\oberdiek\hobsub-generic.sty"
Package: hobsub-generic 2016/05/16 v1.14 Bundle oberdiek, subset generic (HO)
Package: hobsub 2016/05/16 v1.14 Construct package bundles (HO)
Package hobsub Info: Skipping package `infwarerr' (already loaded).
Package hobsub Info: Skipping package `ltxcmds' (already loaded).
Package: ifluatex 2016/05/16 v1.4 Provides the ifluatex switch (HO)
Package ifluatex Info: LuaTeX not detected.
Package hobsub Info: Skipping package `ifvtex' (already loaded).
Package: intcalc 2016/05/16 v1.2 Expandable calculations with integers (HO)
Package hobsub Info: Skipping package `ifpdf' (already loaded).
Package: etexcmds 2016/05/16 v1.6 Avoid name clashes with e-TeX commands (HO)
Package etexcmds Info: Could not find \expanded.
(etexcmds)             That can mean that you are not using pdfTeX 1.50 or
(etexcmds)             that some package has redefined \expanded.
(etexcmds)             In the latter case, load this package earlier.
Package: kvsetkeys 2016/05/16 v1.17 Key value parser (HO)
Package: kvdefinekeys 2016/05/16 v1.4 Define keys (HO)
Package: pdftexcmds 2016/05/21 v0.22 Utility functions of pdfTeX for LuaTeX (HO
)
Package pdftexcmds Info: LuaTeX not detected.
Package pdftexcmds Info: \pdf@primitive is available.
Package pdftexcmds Info: \pdf@ifprimitive is available.
Package pdftexcmds Info: \pdfdraftmode found.
Package: pdfescape 2016/05/16 v1.14 Implements pdfTeX's escape features (HO)
Package: bigintcalc 2016/05/16 v1.4 Expandable calculations on big integers (HO
)
Package: bitset 2016/05/16 v1.2 Handle bit-vector datatype (HO)
Package: uniquecounter 2016/05/16 v1.3 Provide unlimited unique counter (HO)
)
Package hobsub Info: Skipping package `hobsub' (already loaded).
Package: letltxmacro 2016/05/16 v1.5 Let assignment for LaTeX macros (HO)
Package: hopatch 2016/05/16 v1.3 Wrapper for package hooks (HO)
Package: xcolor-patch 2016/05/16 xcolor patch
Package: atveryend 2016/05/16 v1.9 Hooks at the very end of document (HO)
Package atveryend Info: \enddocument detected (standard20110627).
Package: atbegshi 2016/06/09 v1.18 At begin shipout hook (HO)
Package: refcount 2016/05/16 v3.5 Data extraction from label references (HO)
Package: hycolor 2016/05/16 v1.8 Color options for hyperref/bookmark (HO)
)
("C:\Program Files\MiKTeX 2.9\tex\latex\oberdiek\auxhook.sty"
Package: auxhook 2016/05/16 v1.4 Hooks for auxiliary files (HO)
)
("C:\Program Files\MiKTeX 2.9\tex\latex\oberdiek\kvoptions.sty"
Package: kvoptions 2016/05/16 v3.12 Key value format for package options (HO)
)
\@linkdim=\dimen135
\Hy@linkcounter=\count109
\Hy@pagecounter=\count110

("C:\Program Files\MiKTeX 2.9\tex\latex\hyperref\pd1enc.def"
File: pd1enc.def 2016/06/24 v6.83q Hyperref: PDFDocEncoding definition (HO)
Now handling font encoding PD1 ...
... no UTF-8 mapping file for font encoding PD1
)
\Hy@SavedSpaceFactor=\count111

("C:\Program Files\MiKTeX 2.9\tex\latex\00miktex\hyperref.cfg"
File: hyperref.cfg 2002/06/06 v1.2 hyperref configuration of TeXLive
)
Package hyperref Info: Option `colorlinks' set `true' on input line 4362.


Package hyperref Warning: Option `a4paper' is no longer used.

Package hyperref Info: Hyper figures OFF on input line 4486.
Package hyperref Info: Link nesting OFF on input line 4491.
Package hyperref Info: Hyper index ON on input line 4494.
Package hyperref Info: Plain pages OFF on input line 4501.
Package hyperref Info: Backreferencing OFF on input line 4506.
Package hyperref Info: Implicit mode ON; LaTeX internals redefined.
Package hyperref Info: Bookmarks ON on input line 4735.
\c@Hy@tempcnt=\count112
LaTeX Info: Redefining \url on input line 5088.
\XeTeXLinkMargin=\dimen136
\Fld@menulength=\count113
\Field@Width=\dimen137
\Fld@charsize=\dimen138
Package hyperref Info: Hyper figures OFF on input line 6342.
Package hyperref Info: Link nesting OFF on input line 6347.
Package hyperref Info: Hyper index ON on input line 6350.
Package hyperref Info: backreferencing OFF on input line 6357.
Package hyperref Info: Link coloring ON on input line 6360.
Package hyperref Info: Link coloring with OCG OFF on input line 6367.
Package hyperref Info: PDF/A mode OFF on input line 6372.
LaTeX Info: Redefining \ref on input line 6412.
LaTeX Info: Redefining \pageref on input line 6416.
\Hy@abspage=\count114
\c@Item=\count115
\c@Hfootnote=\count116
)

Package hyperref Message: Driver (autodetected): hpdftex.

("C:\Program Files\MiKTeX 2.9\tex\latex\hyperref\hpdftex.def"
File: hpdftex.def 2016/06/24 v6.83q Hyperref driver for pdfTeX
\Fld@listcount=\count117
\c@bookmark@seq@number=\count118

("C:\Program Files\MiKTeX 2.9\tex\latex\oberdiek\rerunfilecheck.sty"
Package: rerunfilecheck 2016/05/16 v1.8 Rerun checks for auxiliary files (HO)
Package uniquecounter Info: New unique counter `rerunfilecheck' on input line 2
82.
)
\Hy@SectionHShift=\skip48
))
(thesis.aux (front.aux) (preface.aux) (summary.aux) (jan.aux) (audun.aux)
(fabian.aux) (emil.aux) (jorgen.aux))
\openout1 = `thesis.aux'.

LaTeX Font Info:    Checking defaults for OML/cmm/m/it on input line 17.
LaTeX Font Info:    ... okay on input line 17.
LaTeX Font Info:    Checking defaults for T1/cmr/m/n on input line 17.
LaTeX Font Info:    ... okay on input line 17.
LaTeX Font Info:    Checking defaults for OT1/cmr/m/n on input line 17.
LaTeX Font Info:    ... okay on input line 17.
LaTeX Font Info:    Checking defaults for OMS/cmsy/m/n on input line 17.
LaTeX Font Info:    ... okay on input line 17.
LaTeX Font Info:    Checking defaults for OMX/cmex/m/n on input line 17.
LaTeX Font Info:    ... okay on input line 17.
LaTeX Font Info:    Checking defaults for U/cmr/m/n on input line 17.
LaTeX Font Info:    ... okay on input line 17.
LaTeX Font Info:    Checking defaults for FML/futm/m/it on input line 17.
LaTeX Font Info:    Try loading font information for FML+futm on input line 17.


("C:\Program Files\MiKTeX 2.9\tex\latex\fourier\fmlfutm.fd"
File: fmlfutm.fd 2004/10/30 Fontinst v1.926 font definitions for FML/futm.
)
LaTeX Font Info:    ... okay on input line 17.
LaTeX Font Info:    Checking defaults for FMS/futm/m/n on input line 17.
LaTeX Font Info:    Try loading font information for FMS+futm on input line 17.


("C:\Program Files\MiKTeX 2.9\tex\latex\fourier\fmsfutm.fd"
File: fmsfutm.fd 2004/10/30 Fontinst v1.926 font definitions for FMS/futm.
)
LaTeX Font Info:    ... okay on input line 17.
LaTeX Font Info:    Checking defaults for FMX/futm/m/n on input line 17.
LaTeX Font Info:    Try loading font information for FMX+futm on input line 17.


("C:\Program Files\MiKTeX 2.9\tex\latex\fourier\fmxfutm.fd"
File: fmxfutm.fd futm-extension
)
LaTeX Font Info:    ... okay on input line 17.
LaTeX Font Info:    Checking defaults for TS1/cmr/m/n on input line 17.
LaTeX Font Info:    Try loading font information for TS1+cmr on input line 17.

("C:\Program Files\MiKTeX 2.9\tex\latex\base\ts1cmr.fd"
File: ts1cmr.fd 2014/09/29 v2.5h Standard LaTeX font definitions
)
LaTeX Font Info:    ... okay on input line 17.
LaTeX Font Info:    Checking defaults for PD1/pdf/m/n on input line 17.
LaTeX Font Info:    ... okay on input line 17.
LaTeX Font Info:    Try loading font information for T1+futs on input line 17.

("C:\Program Files\MiKTeX 2.9\tex\latex\fourier\t1futs.fd"
File: t1futs.fd 2004/03/02 Fontinst v1.926 font definitions for T1/futs.
)
("C:\Program Files\MiKTeX 2.9\tex\context\base\supp-pdf.mkii"
[Loading MPS to PDF converter (version 2006.09.02).]
\scratchcounter=\count119
\scratchdimen=\dimen139
\scratchbox=\box29
\nofMPsegments=\count120
\nofMParguments=\count121
\everyMPshowfont=\toks24
\MPscratchCnt=\count122
\MPscratchDim=\dimen140
\MPnumerator=\count123
\makeMPintoPDFobject=\count124
\everyMPtoPDFconversion=\toks25
) ("C:\Program Files\MiKTeX 2.9\tex\latex\oberdiek\epstopdf-base.sty"
Package: epstopdf-base 2016/05/15 v2.6 Base part for package epstopdf

("C:\Program Files\MiKTeX 2.9\tex\latex\oberdiek\grfext.sty"
Package: grfext 2016/05/16 v1.2 Manage graphics extensions (HO)
)
Package epstopdf-base Info: Redefining graphics rule for `.eps' on input line 4
38.
Package grfext Info: Graphics extension search list:
(grfext)             [.png,.pdf,.jpg,.mps,.jpeg,.jbig2,.jb2,.PNG,.PDF,.JPG,.JPE
G,.JBIG2,.JB2,.eps]
(grfext)             \AppendGraphicsExtensions on input line 456.
)
*geometry* driver: auto-detecting
*geometry* detected driver: pdftex
*geometry* verbose mode - [ preamble ] result:
* driver: pdftex
* paper: <default>
* layout: <same size as paper>
* layoutoffset:(h,v)=(0.0pt,0.0pt)
* modes: 
* h-part:(L,W,R)=(71.13188pt, 472.03123pt, 71.13188pt)
* v-part:(T,H,B)=(71.13188pt, 652.70622pt, 71.13188pt)
* \paperwidth=614.295pt
* \paperheight=794.96999pt
* \textwidth=472.03123pt
* \textheight=652.70622pt
* \oddsidemargin=-1.1381pt
* \evensidemargin=-1.1381pt
* \topmargin=-38.1381pt
* \headheight=12.0pt
* \headsep=25.0pt
* \topskip=12.0pt
* \footskip=30.0pt
* \marginparwidth=44.0pt
* \marginparsep=10.0pt
* \columnsep=10.0pt
* \skip\footins=10.8pt plus 4.0pt minus 2.0pt
* \hoffset=0.0pt
* \voffset=0.0pt
* \mag=1000
* \@twocolumnfalse
* \@twosidefalse
* \@mparswitchfalse
* \@reversemarginfalse
* (1in=72.27pt=25.4mm, 1cm=28.453pt)

\AtBeginShipoutBox=\box30
("C:\Program Files\MiKTeX 2.9\tex\latex\graphics\color.sty"
Package: color 2016/07/10 v1.1e Standard LaTeX Color (DPC)

("C:\Program Files\MiKTeX 2.9\tex\latex\00miktex\color.cfg"
File: color.cfg 2016/01/02 v1.6 sample color configuration
)
Package color Info: Driver file: pdftex.def on input line 147.
)
Package hyperref Info: Link coloring ON on input line 17.

("C:\Program Files\MiKTeX 2.9\tex\latex\hyperref\nameref.sty"
Package: nameref 2016/05/21 v2.44 Cross-referencing by name of section

("C:\Program Files\MiKTeX 2.9\tex\generic\oberdiek\gettitlestring.sty"
Package: gettitlestring 2016/05/16 v1.5 Cleanup title references (HO)
)
\c@section@level=\count125
)
LaTeX Info: Redefining \ref on input line 17.
LaTeX Info: Redefining \pageref on input line 17.
LaTeX Info: Redefining \nameref on input line 17.

(thesis.out) (thesis.out)
\@outlinefile=\write3
\openout3 = `thesis.out'.

\openout2 = `front.aux'.

 (front.tex
Underfull \hbox (badness 10000) in paragraph at lines 8--9

 []

) [1


{C:/ProgramData/MiKTeX/2.9/pdftex/config/pdftex.map}]
\openout2 = `preface.aux'.

 (preface.tex
LaTeX Font Info:    Font shape `T1/futs/bx/n' in size <17.28> not available
(Font)              Font shape `T1/futs/b/n' tried instead on input line 6.

Underfull \hbox (badness 10000) in paragraph at lines 9--10

 []

) [1


]
\openout2 = `summary.aux'.

 (summary.tex
Underfull \hbox (badness 10000) in paragraph at lines 9--11

 []


Underfull \hbox (badness 10000) in paragraph at lines 9--11

 []

) [2


]
LaTeX Font Info:    Font shape `T1/futs/bx/n' in size <24.88> not available
(Font)              Font shape `T1/futs/b/n' tried instead on input line 23.
 (thesis.toc
LaTeX Font Info:    Try loading font information for FML+futmi on input line 1.

 ("C:\Program Files\MiKTeX 2.9\tex\latex\fourier\fmlfutmi.fd"
File: fmlfutmi.fd 2004/10/30 Fontinst v1.926 font definitions for FML/futmi.
)
LaTeX Font Info:    Font shape `FMX/futm/m/n' will be
(Font)              scaled to size 11.03998pt on input line 1.
LaTeX Font Info:    Font shape `FMX/futm/m/n' will be
(Font)              scaled to size 8.27998pt on input line 1.
LaTeX Font Info:    Font shape `FMX/futm/m/n' will be
(Font)              scaled to size 6.43999pt on input line 1.
LaTeX Font Info:    Font shape `U/futm/m/n' will be
(Font)              scaled to size 11.03998pt on input line 1.
LaTeX Font Info:    Font shape `U/futm/m/n' will be
(Font)              scaled to size 8.27998pt on input line 1.
LaTeX Font Info:    Font shape `U/futm/m/n' will be
(Font)              scaled to size 6.43999pt on input line 1.
LaTeX Font Info:    Font shape `T1/futs/bx/n' in size <12> not available
(Font)              Font shape `T1/futs/b/n' tried instead on input line 3.
[3


] [4])
\tf@toc=\write4
\openout4 = `thesis.toc'.

pdfTeX warning (ext4): destination with the same identifier (name{page.1}) has 
been already used, duplicate ignored
<to be read again> 
                   \relax 
l.27 \include{fabian}
                      [1]
\openout2 = `fabian.aux'.

 (fabian.tex
Chapter 1.

Package hyperref Warning: Token not allowed in a PDF string (PDFDocEncoding):
(hyperref)                removing `\\' on input line 6.

[2


] [3] [4]
LaTeX Font Info:    Font shape `FMX/futm/m/n' will be
(Font)              scaled to size 9.19998pt on input line 51.
LaTeX Font Info:    Font shape `FMX/futm/m/n' will be
(Font)              scaled to size 6.99199pt on input line 51.
LaTeX Font Info:    Font shape `FMX/futm/m/n' will be
(Font)              scaled to size 5.51999pt on input line 51.
LaTeX Font Info:    Font shape `U/futm/m/n' will be
(Font)              scaled to size 9.19998pt on input line 51.
LaTeX Font Info:    Font shape `U/futm/m/n' will be
(Font)              scaled to size 6.99199pt on input line 51.
LaTeX Font Info:    Font shape `U/futm/m/n' will be
(Font)              scaled to size 5.51999pt on input line 51.
 [5] [6] [7]
LaTeX Font Info:    Font shape `T1/futs/bx/n' in size <14.4> not available
(Font)              Font shape `T1/futs/b/n' tried instead on input line 91.
 [8] [9] [10]
<fig/crowdsys.png, id=409, 804.75656pt x 441.14813pt>
File: fig/crowdsys.png Graphic file (type png)
 <use fig/crowdsys.png>
Package pdftex.def Info: fig/crowdsys.png used on input line 116.
(pdftex.def)             Requested size: 321.89691pt x 176.45612pt.

[11 <./fig/crowdsys.png>] [12]
LaTeX Font Info:    Try loading font information for TS1+futs on input line 136
.

("C:\Program Files\MiKTeX 2.9\tex\latex\fourier\ts1futs.fd"
File: ts1futs.fd 2004/03/26 Fontinst v1.926 font definitions for TS1/futs.
) [13] [14])
[15]
\openout2 = `emil.aux'.

 (emil.tex
Chapter 2.
[16



]
Underfull \hbox (badness 10000) in paragraph at lines 14--16

 []


Underfull \hbox (badness 10000) in paragraph at lines 17--25

 []


Underfull \hbox (badness 10000) in paragraph at lines 17--25

 []

[17]
Underfull \hbox (badness 10000) in paragraph at lines 26--34

 []

[18]
Underfull \hbox (badness 10000) in paragraph at lines 45--51

 []


Underfull \hbox (badness 10000) in paragraph at lines 54--60

 []

[19]
Underfull \hbox (badness 10000) in paragraph at lines 65--70

 []

[20]
Underfull \hbox (badness 10000) in paragraph at lines 72--76

 []

LaTeX Font Info:    Font shape `T1/futs/bx/it' in size <12> not available
(Font)              Font shape `T1/futs/b/it' tried instead on input line 77.
[21]

LaTeX Warning: Citation `emil:wiki:oogieacc' on page 22 undefined on input line
 86.


LaTeX Warning: Citation `Emil:change:Oogieloves' on page 22 undefined on input 
line 86.

<fig/imdbstats.png, id=502, 283.81032pt x 151.3153pt>
File: fig/imdbstats.png Graphic file (type png)
 <use fig/imdbstats.png>
Package pdftex.def Info: fig/imdbstats.png used on input line 90.
(pdftex.def)             Requested size: 283.80962pt x 151.31493pt.


LaTeX Warning: Citation `emil:imdb:Oogieloves' on page 22 undefined on input li
ne 91.


LaTeX Warning: Citation `emil:imdb:Oogieloves' on page 22 undefined on input li
ne 91.


Underfull \hbox (badness 10000) in paragraph at lines 95--101

 []

[22 <./fig/imdbstats.png>]
Overfull \hbox (4.96739pt too wide) in paragraph at lines 105--106
[]\T1/futs/m/n/12 1% in-crease in user rec-om-men-da-tion vol-ume in-creases pr
od-uct sales by 0.013%. 
 []


Overfull \hbox (5.44742pt too wide) in paragraph at lines 106--107
[]\T1/futs/m/n/12 1% in-crease in user rec-om-men-da-tion va-lence in-creases p
rod-uct sales by 0.022%. 
 []


LaTeX Warning: Citation `Emil:FM7090' on page 23 undefined on input line 111.


LaTeX Warning: Citation `Emil:FM7090' on page 23 undefined on input line 112.


LaTeX Warning: Citation `Emil:FM7090' on page 23 undefined on input line 112.


Underfull \hbox (badness 10000) in paragraph at lines 111--116

 []


Underfull \hbox (badness 10000) in paragraph at lines 111--116

 []

[23]

LaTeX Warning: Citation `Emil:FM7090' on page 24 undefined on input line 118.


Overfull \hbox (1.1737pt too wide) in paragraph at lines 117--119
[]\T1/futs/m/n/12 "content, net-work struc-ture, tem-po-ral ac-tiv-ity, user pr
o-file data, and sen-ti-ment anal-
 []


LaTeX Warning: Citation `Emil:FM7090' on page 24 undefined on input line 123.


LaTeX Warning: Citation `Emil:FM7090' on page 24 undefined on input line 123.


LaTeX Warning: Citation `Emil:FM7090' on page 24 undefined on input line 123.


LaTeX Warning: Citation `Emil:FM7090' on page 24 undefined on input line 123.


LaTeX Warning: Citation `Emil:FM7090' on page 24 undefined on input line 123.


LaTeX Warning: Citation `Emil:FM7090' on page 24 undefined on input line 123.


Underfull \hbox (badness 10000) in paragraph at lines 121--124

 []


LaTeX Warning: Citation `Emil:FM7090' on page 24 undefined on input line 132.


LaTeX Warning: Citation `Emil:FM7090' on page 24 undefined on input line 132.


LaTeX Warning: Citation `Emil:FM7090' on page 24 undefined on input line 132.


Underfull \hbox (badness 10000) in paragraph at lines 126--135

 []


Underfull \hbox (badness 10000) in paragraph at lines 126--135

 []


Underfull \hbox (badness 10000) in paragraph at lines 126--135

 []


Underfull \hbox (badness 10000) in paragraph at lines 126--135

 []

[24]
Underfull \hbox (badness 10000) in paragraph at lines 136--141

 []


LaTeX Warning: Citation `Emil:FM7090' on page 25 undefined on input line 142.

[25]
Underfull \hbox (badness 10000) in paragraph at lines 160--170

 []


Underfull \hbox (badness 10000) in paragraph at lines 160--170

 []


Underfull \hbox (badness 10000) in paragraph at lines 160--170

 []

[26] [27] [28]) [29]
\openout2 = `jan.aux'.

 (jan.tex
Chapter 3.
[30



] [31]
Underfull \hbox (badness 10000) in paragraph at lines 47--50

 []

[32]

LaTeX Warning: Citation `jan-ek-source' on page 33 undefined on input line 52.

<fig/jan-ek-inf.png, id=595, 356.83313pt x 354.57469pt>
File: fig/jan-ek-inf.png Graphic file (type png)

<use fig/jan-ek-inf.png>
Package pdftex.def Info: fig/jan-ek-inf.png used on input line 57.
(pdftex.def)             Requested size: 142.73071pt x 141.82736pt.
 [33 <./fig/jan-ek-inf.png>]
Underfull \hbox (badness 10000) in paragraph at lines 71--73

 []

[34]

LaTeX Warning: Citation `jan-asia-europol' on page 35 undefined on input line 7
6.

[35] <fig/fis-adv-cycle.png, id=630, 770.88pt x 510.40688pt>
File: fig/fis-adv-cycle.png Graphic file (type png)

<use fig/fis-adv-cycle.png>
Package pdftex.def Info: fig/fis-adv-cycle.png used on input line 91.
(pdftex.def)             Requested size: 308.34654pt x 204.15913pt.


LaTeX Warning: Citation `jan-krebs-goz' on page 36 undefined on input line 99.

[36] [37 <./fig/fis-adv-cycle.png>]) [38]
\openout2 = `jorgen.aux'.

 (jorgen.tex
Chapter 4.
[39



]
Underfull \hbox (badness 10000) in paragraph at lines 16--19

 []

[40] [41]
Underfull \hbox (badness 10000) in paragraph at lines 31--36

 []

[42]
LaTeX Font Info:    Try loading font information for T1+cmtt on input line 39.
 ("C:\Program Files\MiKTeX 2.9\tex\latex\base\t1cmtt.fd"
File: t1cmtt.fd 2014/09/29 v2.5h Standard LaTeX font definitions
)
Overfull \hbox (16.23012pt too wide) in paragraph at lines 40--41
[]$\FMS/futm/m/n/12 $\T1/cmtt/m/n/12 script class="xss"$\FMS/futm/m/n/12 $\T1
/cmtt/m/n/12 $(`.xss`).parents().eq(1).find(`a`).eq(1).click() 
 []


Overfull \hbox (22.40361pt too wide) in paragraph at lines 40--41
\T1/cmtt/m/n/12 ;$(`[data-action=retweet]`).click();alert(`XXS in TweetDeck`)$\
FMS/futm/m/n/12 $\T1/cmtt/m/n/12 /script$\FMS/futm/m/n/12 $ 
 []


Underfull \hbox (badness 10000) in paragraph at lines 44--47

 []

[43] [44]
Underfull \hbox (badness 10000) in paragraph at lines 59--62

 []

) [45]
\openout2 = `audun.aux'.

 (audun.tex
Chapter 5.
[46



] [47]

LaTeX Warning: Citation `CrossPlatform2016' on page 48 undefined on input line 
27.

[48]

LaTeX Warning: Citation `Zonouz2013215' on page 49 undefined on input line 30.

<fig/mobile_vulnerabilities.png, id=760, 340.27126pt x 151.56625pt>
File: fig/mobile_vulnerabilities.png Graphic file (type png)

<use fig/mobile_vulnerabilities.png>
Package pdftex.def Info: fig/mobile_vulnerabilities.png used on input line 35.
(pdftex.def)             Requested size: 236.01561pt x 105.12892pt.


LaTeX Warning: Citation `ISTR2016' on page 49 undefined on input line 36.


Overfull \hbox (3.25221pt too wide) in paragraph at lines 29--38
\T1/futs/m/n/12 Some of the most pop-u-lar so-cial me-dia providers to-day are 
Face-book, LinkedIn, Twit-ter, Google+,
 []

[49]

LaTeX Warning: Citation `ISTR2016' on page 50 undefined on input line 46.

[50 <./fig/mobile_vulnerabilities.png>]
<fig/smartphone_market_share.jpg, id=779, 502.87875pt x 335.75438pt>
File: fig/smartphone_market_share.jpg Graphic file (type jpg)

<use fig/smartphone_market_share.jpg>
Package pdftex.def Info: fig/smartphone_market_share.jpg used on input line 51.

(pdftex.def)             Requested size: 377.62642pt x 252.12767pt.


LaTeX Warning: Citation `Kaspersky2014' on page 51 undefined on input line 54.

[51 <./fig/smartphone_market_share.jpg>] [52]
<fig/social_media_scams.jpg, id=793, 320.19624pt x 234.8775pt>
File: fig/social_media_scams.jpg Graphic file (type jpg)

<use fig/social_media_scams.jpg>
Package pdftex.def Info: fig/social_media_scams.jpg used on input line 67.
(pdftex.def)             Requested size: 236.01561pt x 173.12926pt.


LaTeX Warning: Citation `ISTR2016' on page 53 undefined on input line 68.

[53 <./fig/social_media_scams.jpg>]) [54] (thesis.bbl
Underfull \hbox (badness 1442) in paragraph at lines 4--9
[]\T1/futs/m/n/12 Brewer R.  Ran-somware at-tacks: de-tec-tion, pre-ven-tion an
d cure.  Net-work Se-cu-
 []


Underfull \hbox (badness 10000) in paragraph at lines 11--16
\T1/futs/m/n/12 nsm/tjenester/handtering/norcertvarsler/norcert_varsler2015/pos
tenrw1/.  Avail-able
 []


Underfull \hbox (badness 10000) in paragraph at lines 11--16
\T1/futs/m/n/12 from: [][]$\T1/cmtt/m/n/12 https : / / nsm . stat . no / om-[]n
sm / tjenester / handtering / norcertvarsler /
 []


Underfull \hbox (badness 7631) in paragraph at lines 25--30
\T1/futs/m/n/12 -- 6.  Avail-able from: [][]$\T1/cmtt/m/n/12 http : / / www . s
ciencedirect . com / science / article / pii /
 []


Underfull \hbox (badness 10000) in paragraph at lines 32--36
[]\T1/futs/m/n/12 Microsoft. Win-dows Ap-pLocker;.  Https://technet.microsoft.c
om/en-
 []


Underfull \hbox (badness 2181) in paragraph at lines 32--36
\T1/futs/m/n/12 us/library/dd759117(v=ws.11).aspx.  Avail-able from: [][]$\T1/c
mtt/m/n/12 https : / / technet . microsoft .
 []


Underfull \hbox (badness 10000) in paragraph at lines 45--51
[]\T1/futs/m/n/12 Microsoft-Corporate-Blogs. Mi-crosoft takes on global cy-
 []


Underfull \hbox (badness 10000) in paragraph at lines 45--51
\T1/futs/m/n/12 ber-crime epi-demic in tenth mal-ware dis-rup-tion; 2014.
 []


Underfull \hbox (badness 10000) in paragraph at lines 45--51
\T1/futs/m/n/12 Http://blogs.microsoft.com/blog/2014/06/30/microsoft-takes-on-g
lobal-cybercrime-
 []


Underfull \hbox (badness 10000) in paragraph at lines 45--51
\T1/futs/m/n/12 epidemic-in-tenth-malware-disruption/#sm.00000dcwsbrzn9crgt7lpq
od3cjdj.
 []


Underfull \hbox (badness 10000) in paragraph at lines 45--51
\T1/futs/m/n/12 Avail-able from: [][]$\T1/cmtt/m/n/12 http : / / blogs . micros
oft . com / blog / 2014 / 06 / 30 /
 []


Overfull \hbox (14.19011pt too wide) in paragraph at lines 45--51
\T1/cmtt/m/n/12 microsoft-[]takes-[]on-[]global-[]cybercrime-[]epidemic-[]in-[]
tenth-[]malware-[]disruption /
 []

[55


]
Overfull \hbox (4.81744pt too wide) in paragraph at lines 97--101
[]\T1/futs/m/n/12 FBI. GameOver Zeus Bot-net Dis-rupted; 2014.  Https://www.fbi
.gov/news/stories/gameover-
 []


Underfull \hbox (badness 10000) in paragraph at lines 97--101
\T1/futs/m/n/12 zeus-botnet-disrupted.  Avail-able from: [][]$\T1/cmtt/m/n/12 h
ttps : / / www . fbi . gov / news / stories /
 []

[56]
Underfull \hbox (badness 2460) in paragraph at lines 103--109
[]\T1/futs/m/n/12 FBI. De-part-ment of Jus-tice Pro-vides Up-date on GameOver Z
eus and Cryp-tolocker
 []


Underfull \hbox (badness 10000) in paragraph at lines 103--109
\T1/futs/m/n/12 Dis-rup-tion; 2014.  Https://www.fbi.gov/news/pressrel/press-re
leases/department-
 []


Underfull \hbox (badness 10000) in paragraph at lines 103--109
\T1/futs/m/n/12 of-justice-provides-update-on-gameover-zeus-and-cryptolocker-di
sruption.
 []


Underfull \hbox (badness 10000) in paragraph at lines 103--109
\T1/futs/m/n/12 Avail-able from: [][]$\T1/cmtt/m/n/12 https : / / www . fbi . g
ov / news / pressrel / press-[]releases /
 []


Overfull \hbox (67.00604pt too wide) in paragraph at lines 103--109
\T1/cmtt/m/n/12 department-[]of-[]justice-[]provides-[]update-[]on-[]gameover-[
]zeus-[]and-[]cryptolocker-[]disruption$[][]\T1/futs/m/n/12 . 
 []


Underfull \hbox (badness 10000) in paragraph at lines 111--114
[]\T1/futs/m/n/12 comScore. 2016 U.S. Cross-Platform Fu-ture in Fo-cus; 2016.  
Avail-able from:
 []


Underfull \hbox (badness 10000) in paragraph at lines 111--114
[][]$\T1/cmtt/m/n/12 http : / / www . comscore . com / Insights / Presentations
-[]and-[]Whitepapers / 2016 /
 []


Underfull \hbox (badness 5893) in paragraph at lines 129--133
[]\T1/futs/m/n/12 INTERPOL KL. Mo-bile cy-ber threats, Kasper-sky Lab & IN-TER-
POL Joint Re-port;
 []


Underfull \hbox (badness 1735) in paragraph at lines 129--133
\T1/futs/m/n/12 2014.  Avail-able from: [][]$\T1/cmtt/m/n/12 https : / / secure
list . com / files / 2014 / 10 / report _ mobile _
 []


Underfull \hbox (badness 6658) in paragraph at lines 135--138
[]\T1/futs/m/n/12 Insights S. Global so-cial me-dia re-search sum-mary 2016; 20
16.  [][]$\T1/cmtt/m/n/12 http : / / www .
 []


Underfull \hbox (badness 10000) in paragraph at lines 135--138
\T1/cmtt/m/n/12 smartinsights . com / social-[]media-[]marketing / social-[]med
ia-[]strategy /
 []


Underfull \hbox (badness 2875) in paragraph at lines 140--144
[]\T1/futs/m/n/12 United States Se-cu-ri-ties and Ex-change Com-mis-sion y. For
m 10-Q - Twit-ter, Inc.;.
 []


Underfull \hbox (badness 10000) in paragraph at lines 140--144
[][]$\T1/cmtt/m/n/12 https : / / www . sec . gov / Archives / edgar / data / 14
18091 / 000156459014003474 /
 []

[57]
Underfull \hbox (badness 10000) in paragraph at lines 179--183
[]\T1/futs/m/n/12 Mustafaraj E, Metaxas PT. From ob-scu-rity to promi-nence in 
min-utes: Po-lit-i-
 []


Underfull \hbox (badness 4001) in paragraph at lines 179--183
\T1/futs/m/n/12 cal speech and real-time search; 2010.  [][]$\T1/cmtt/m/n/12 ht
tp : / / cs . wellesley . edu / ~pmetaxas /
 []

[58]
Underfull \hbox (badness 2269) in paragraph at lines 244--248
\T1/futs/m/n/12 San Diego, CA; 2009. Avail-able from: [][]$\T1/cmtt/m/n/12 http
s : / / www . internetsociety . org / sites /
 []


Underfull \hbox (badness 10000) in paragraph at lines 244--248
\T1/cmtt/m/n/12 default / files / Sybillnfer % 20Detecting % 20Sybil % 20Nodes 
% 20using % 20Social %
 []

[59] [60]
Underfull \hbox (badness 3449) in paragraph at lines 328--332
[]\T1/futs/m/n/12 Singh A.  So-cial Me-dia and Cor-po-rate Agility.  Global Jou
r-nal of Flex-i-ble Sys-
 []


Underfull \hbox (badness 10000) in paragraph at lines 339--342
[]\T1/futs/m/n/12 Narang S. Un-cov-er-ing a per-sis-tent diet spam op-er-a-tion
 on Twit-
 []


Underfull \hbox (badness 10000) in paragraph at lines 339--342
\T1/futs/m/n/12 ter; 2015.  [On-line]. Avail-able from: [][]$\T1/cmtt/m/n/12 ht
tp : / / www . symantec . com /
 []


Underfull \hbox (badness 10000) in paragraph at lines 339--342
\T1/cmtt/m/n/12 content / en / us / enterprise / media / security _ response / 
whitepapers /
 []


Underfull \hbox (badness 4036) in paragraph at lines 367--371
[]\T1/futs/m/n/12 Max C . Pre-vent bots from giv-ing hoax votes to The Oo-gielo
ves; 2013.  [On-
 []


Underfull \hbox (badness 10000) in paragraph at lines 367--371
\T1/futs/m/n/12 line; ac-cessed 05-10-2016].  Avail-able from: [][]$\T1/cmtt/m/
n/12 https : / / www . change . org / p /
 []

[61]
Underfull \hbox (badness 4193) in paragraph at lines 382--388
[]\T1/futs/m/n/12 Lin Z.  An em-pir-i-cal in-ves-ti-ga-tion of user and sys-tem
 rec-om-men-da-tions in e-
 []


Underfull \hbox (badness 10000) in paragraph at lines 422--425
[]\T1/futs/m/n/12 Acunetix. Acunetix Web Ap-pli-ca-tion Vul-ner-a-bil-ity Re-po
rt 2016;
 []


Underfull \hbox (badness 10000) in paragraph at lines 422--425
\T1/futs/m/n/12 2016.  [][]$\T1/cmtt/m/n/12 https : / / d3eaqdewfg2crq . cloudf
ront . net / resources /
 []

[62]
Underfull \hbox (badness 3179) in paragraph at lines 441--444
[]\T1/futs/m/n/12 Symantec. In-ter-net Se-cu-rity Threat Re-port 2016; 2016.  [
][]$\T1/cmtt/m/n/12 https : / / resource . elq .
 []


Underfull \hbox (badness 10000) in paragraph at lines 441--444
\T1/cmtt/m/n/12 symantec . com / LP = 2899 ? inid = symc _ threat-[]report _ is
tr _ to _ leadgen _ form _
 []


Underfull \hbox (badness 2951) in paragraph at lines 468--472
\T1/futs/m/n/12 ley, CA: Apress; 2016. p. 41--47.  Avail-able from: [][]$\T1/cm
tt/m/n/12 http : / / dx . doi . org / 10 . 1007 /
 []


Underfull \hbox (badness 10000) in paragraph at lines 474--478
[]\T1/futs/m/n/12 SucuriBlog. Se-ri-ous Cross Site Script-ing Vul-ner-a-bil-ity
 in Tweet-
 []


Underfull \hbox (badness 10000) in paragraph at lines 474--478
\T1/futs/m/n/12 Deck  Twit-ter; 2014.  [][]$\T1/cmtt/m/n/12 https : / / blog .
 sucuri . net / 2014 / 06 /
 []


Underfull \hbox (badness 10000) in paragraph at lines 487--490
[]\T1/futs/m/n/12 Preuss M, Diaz V. Ex-ploit kits - a dif-fer-ent view; 2011.  
Avail-
 []


Underfull \hbox (badness 10000) in paragraph at lines 487--490
\T1/futs/m/n/12 able from: [][]$\T1/cmtt/m/n/12 https : / / securelist . com / 
analysis / publications / 36342 /
 []

[63])
Package atveryend Info: Empty hook `BeforeClearDocument' on input line 36.
 [64]
Package atveryend Info: Empty hook `AfterLastShipout' on input line 36.
 (thesis.aux (front.aux) (preface.aux) (summary.aux) (fabian.aux)
(emil.aux) (jan.aux) (jorgen.aux) (audun.aux))
Package atveryend Info: Executing hook `AtVeryEndDocument' on input line 36.
Package atveryend Info: Executing hook `AtEndAfterFileList' on input line 36.


Package rerunfilecheck Warning: File `thesis.out' has changed.
(rerunfilecheck)                Rerun to get outlines right
(rerunfilecheck)                or use package `bookmark'.

Package rerunfilecheck Info: Checksums for `thesis.out':
(rerunfilecheck)             Before: A2A8559380676CC98FE784E6985A07B5;4031
(rerunfilecheck)             After:  F7D888C7AFD5DED958C43F799771A011;4278.

LaTeX Warning: There were undefined references.


LaTeX Warning: Label(s) may have changed. Rerun to get cross-references right.

Package atveryend Info: Empty hook `AtVeryVeryEnd' on input line 36.
 ) 
Here is how much of TeX's memory you used:
 8504 strings out of 493334
 117626 string characters out of 3139261
 215542 words of memory out of 3000000
 11541 multiletter control sequences out of 15000+200000
 97265 words of font info for 97 fonts, out of 3000000 for 9000
 1141 hyphenation exceptions out of 8191
 36i,8n,34p,1547b,429s stack positions out of 5000i,500n,10000p,200000b,50000s
pdfTeX warning (dest): name{figure.1.2} has been referenced but does not exis
t, replaced by a fixed one

pdfTeX warning (dest): name{figure.4.1} has been referenced but does not exist,
 replaced by a fixed one

pdfTeX warning (dest): name{subsection.5.2.4} has been referenced but does not 
exist, replaced by a fixed one

pdfTeX warning (dest): name{subsection.5.2.3} has been referenced but does not 
exist, replaced by a fixed one

pdfTeX warning (dest): name{subsection.5.2.2} has been referenced but does not 
exist, replaced by a fixed one

pdfTeX warning (dest): name{subsection.5.2.1} has been referenced but does not 
exist, replaced by a fixed one

pdfTeX warning (dest): name{subsection.4.7.1} has been referenced but does not 
exist, replaced by a fixed one

pdfTeX warning (dest): name{section.4.7} has been referenced but does not exist
, replaced by a fixed one

pdfTeX warning (dest): name{section.4.6} has been referenced but does not exist
, replaced by a fixed one

pdfTeX warning (dest): name{section.4.5} has been referenced but does not exist
, replaced by a fixed one

pdfTeX warning (dest): name{section.4.4} has been referenced but does not exist
, replaced by a fixed one

pdfTeX warning (dest): name{section.3.6} has been referenced but does not exist
, replaced by a fixed one

pdfTeX warning (dest): name{subsection.3.5.3} has been referenced but does not 
exist, replaced by a fixed one

pdfTeX warning (dest): name{subsection.3.5.2} has been referenced but does not 
exist, replaced by a fixed one

pdfTeX warning (dest): name{subsection.3.5.1} has been referenced but does not 
exist, replaced by a fixed one

pdfTeX warning (dest): name{section.3.5} has been referenced but does not exist
, replaced by a fixed one

pdfTeX warning (dest): name{subsection.2.6.3} has been referenced but does not 
exist, replaced by a fixed one

pdfTeX warning (dest): name{subsection.2.6.2} has been referenced but does not 
exist, replaced by a fixed one

pdfTeX warning (dest): name{subsection.2.6.1} has been referenced but does not 
exist, replaced by a fixed one

pdfTeX warning (dest): name{subsection.2.5.1} has been referenced but does not 
exist, replaced by a fixed one

pdfTeX warning (dest): name{subsection.2.4.3} has been referenced but does not 
exist, replaced by a fixed one

pdfTeX warning (dest): name{subsection.2.4.2} has been referenced but does not 
exist, replaced by a fixed one

pdfTeX warning (dest): name{subsection.2.4.1} has been referenced but does not 
exist, replaced by a fixed one

pdfTeX warning (dest): name{subsection.1.4.5} has been referenced but does not 
exist, replaced by a fixed one

pdfTeX warning (dest): name{subsection.1.4.4} has been referenced but does not 
exist, replaced by a fixed one

pdfTeX warning (dest): name{subsection.1.4.3} has been referenced but does not 
exist, replaced by a fixed one

pdfTeX warning (dest): name{subsection.1.4.2} has been referenced but does not 
exist, replaced by a fixed one

pdfTeX warning (dest): name{subsection.1.4.1} has been referenced but does not 
exist, replaced by a fixed one

 <C:\Users\Me\AppData\Local\MiKTeX\2.9\fonts\pk\ljfour\jknappen\ec\dpi600\ectt1
200.pk>{C:/Program Files/MiKTeX 2.9/fonts/enc/dvips/fontname/8r.enc}<C:/Program
 Files/MiKTeX 2.9/fonts/type1/public/fourier/fourier-ms.pfb><C:/Program Files/M
iKTeX 2.9/fonts/type1/adobe/utopia/putb8a.pfb><C:/Program Files/MiKTeX 2.9/font
s/type1/adobe/utopia/putbi8a.pfb><C:/Program Files/MiKTeX 2.9/fonts/type1/adobe
/utopia/putr8a.pfb><C:/Program Files/MiKTeX 2.9/fonts/type1/adobe/utopia/putr8a
.pfb><C:/Program Files/MiKTeX 2.9/fonts/type1/adobe/utopia/putri8a.pfb>
Output written on thesis.pdf (69 pages, 651205 bytes).
PDF statistics:
 1145 PDF objects out of 1200 (max. 8388607)
 259 named destinations out of 1000 (max. 500000)
 484 words of extra memory for PDF output out of 10000 (max. 10000000)

